<?xml version="1.0" encoding="UTF-8"?>
<!-- Generated by org.testng.reporters.JUnitReportReporter -->
<testsuite hostname="mohamed_r_abda1" failures="0" tests="1" name="testCases.DeleteProductTest" time="1.555" errors="0" timestamp="2025-01-23T01:46:35 EET" skipped="0">
  <testcase classname="testCases.DeleteProductTest" name="testDeleteProduct" time="1.555"/>
</testsuite> <!-- testCases.DeleteProductTest -->
