<?xml version="1.0" encoding="UTF-8"?>
<!-- Generated by org.testng.reporters.JUnitReportReporter -->
<testsuite hostname="mohamed_r_abda1" failures="0" tests="1" name="testCases.AddProductTest" time="3.595" errors="0" timestamp="2025-01-23T01:47:59 EET" skipped="0">
  <testcase classname="testCases.AddProductTest" name="testAddProduct" time="3.595"/>
</testsuite> <!-- testCases.AddProductTest -->
